# JRE version: OpenJDK Runtime Environment (8.0_151-b12) (build 1.8.0_151-8u151-b12-0ubuntu0.17.10.2-b12)
# Java VM: OpenJDK 64-Bit Server VM (25.151-b12 mixed mode linux-amd64 compressed oops)
Heap:
 PSYoungGen      total 759296K, used 11721K [0x000000076d200000, 0x000000079d380000, 0x00000007c0000000)
  eden space 738304K, 0% used [0x000000076d200000,0x000000076d200000,0x000000079a300000)
  from space 20992K, 55% used [0x000000079a300000,0x000000079ae72798,0x000000079b780000)
  to   space 20992K, 0% used [0x000000079b780000,0x000000079b780000,0x000000079cc00000)
 ParOldGen       total 154624K, used 60715K [0x00000006c7600000, 0x00000006d0d00000, 0x000000076d200000)
  object space 154624K, 39% used [0x00000006c7600000,0x00000006cb14ad48,0x00000006d0d00000)
 Metaspace       used 42403K, capacity 44088K, committed 44160K, reserved 1085440K
  class space    used 7499K, capacity 7737K, committed 7808K, reserved 1048576K
GC Heap History (10 events):
Event: 138.396 GC heap after
Heap after GC invocations=10 (full 2):
 PSYoungGen      total 348672K, used 13818K [0x000000076d200000, 0x0000000786300000, 0x00000007c0000000)
  eden space 334848K, 0% used [0x000000076d200000,0x000000076d200000,0x0000000781900000)
  from space 13824K, 99% used [0x0000000785580000,0x00000007862fe980,0x0000000786300000)
  to   space 22528K, 0% used [0x0000000783700000,0x0000000783700000,0x0000000784d00000)
 ParOldGen       total 154624K, used 30189K [0x00000006c7600000, 0x00000006d0d00000, 0x000000076d200000)
  object space 154624K, 19% used [0x00000006c7600000,0x00000006c937b5f0,0x00000006d0d00000)
 Metaspace       used 42380K, capacity 44056K, committed 44160K, reserved 1085440K
  class space    used 7497K, capacity 7705K, committed 7808K, reserved 1048576K
}
Event: 138.664 GC heap before
{Heap before GC invocations=11 (full 2):
 PSYoungGen      total 348672K, used 348666K [0x000000076d200000, 0x0000000786300000, 0x00000007c0000000)
  eden space 334848K, 100% used [0x000000076d200000,0x0000000781900000,0x0000000781900000)
  from space 13824K, 99% used [0x0000000785580000,0x00000007862fe980,0x0000000786300000)
  to   space 22528K, 0% used [0x0000000783700000,0x0000000783700000,0x0000000784d00000)
 ParOldGen       total 154624K, used 30189K [0x00000006c7600000, 0x00000006d0d00000, 0x000000076d200000)
  object space 154624K, 19% used [0x00000006c7600000,0x00000006c937b5f0,0x00000006d0d00000)
 Metaspace       used 42391K, capacity 44088K, committed 44160K, reserved 1085440K
  class space    used 7499K, capacity 7737K, committed 7808K, reserved 1048576K
Event: 138.694 GC heap after
Heap after GC invocations=11 (full 2):
 PSYoungGen      total 388096K, used 11256K [0x000000076d200000, 0x000000078d780000, 0x00000007c0000000)
  eden space 365568K, 0% used [0x000000076d200000,0x000000076d200000,0x0000000783700000)
  from space 22528K, 49% used [0x0000000783700000,0x00000007841fe0e0,0x0000000784d00000)
  to   space 21504K, 0% used [0x000000078c280000,0x000000078c280000,0x000000078d780000)
 ParOldGen       total 154624K, used 30197K [0x00000006c7600000, 0x00000006d0d00000, 0x000000076d200000)
  object space 154624K, 19% used [0x00000006c7600000,0x00000006c937d5f0,0x00000006d0d00000)
 Metaspace       used 42391K, capacity 44088K, committed 44160K, reserved 1085440K
  class space    used 7499K, capacity 7737K, committed 7808K, reserved 1048576K
}
Event: 138.811 GC heap before
{Heap before GC invocations=12 (full 2):
 PSYoungGen      total 388096K, used 376824K [0x000000076d200000, 0x000000078d780000, 0x00000007c0000000)
  eden space 365568K, 100% used [0x000000076d200000,0x0000000783700000,0x0000000783700000)
  from space 22528K, 49% used [0x0000000783700000,0x00000007841fe0e0,0x0000000784d00000)
  to   space 21504K, 0% used [0x000000078c280000,0x000000078c280000,0x000000078d780000)
 ParOldGen       total 154624K, used 30197K [0x00000006c7600000, 0x00000006d0d00000, 0x000000076d200000)
  object space 154624K, 19% used [0x00000006c7600000,0x00000006c937d5f0,0x00000006d0d00000)
 Metaspace       used 42391K, capacity 44088K, committed 44160K, reserved 1085440K
  class space    used 7499K, capacity 7737K, committed 7808K, reserved 1048576K
Event: 138.834 GC heap after
Heap after GC invocations=12 (full 2):
 PSYoungGen      total 508928K, used 10421K [0x000000076d200000, 0x0000000791080000, 0x00000007c0000000)
  eden space 487424K, 0% used [0x000000076d200000,0x000000076d200000,0x000000078ae00000)
  from space 21504K, 48% used [0x000000078c280000,0x000000078ccad7a0,0x000000078d780000)
  to   space 20992K, 0% used [0x000000078ae00000,0x000000078ae00000,0x000000078c280000)
 ParOldGen       total 154624K, used 36467K [0x00000006c7600000, 0x00000006d0d00000, 0x000000076d200000)
  object space 154624K, 23% used [0x00000006c7600000,0x00000006c999cd48,0x00000006d0d00000)
 Metaspace       used 42391K, capacity 44088K, committed 44160K, reserved 1085440K
  class space    used 7499K, capacity 7737K, committed 7808K, reserved 1048576K
}
Event: 139.081 GC heap before
{Heap before GC invocations=13 (full 2):
 PSYoungGen      total 508928K, used 497845K [0x000000076d200000, 0x0000000791080000, 0x00000007c0000000)
  eden space 487424K, 100% used [0x000000076d200000,0x000000078ae00000,0x000000078ae00000)
  from space 21504K, 48% used [0x000000078c280000,0x000000078ccad7a0,0x000000078d780000)
  to   space 20992K, 0% used [0x000000078ae00000,0x000000078ae00000,0x000000078c280000)
 ParOldGen       total 154624K, used 36467K [0x00000006c7600000, 0x00000006d0d00000, 0x000000076d200000)
  object space 154624K, 23% used [0x00000006c7600000,0x00000006c999cd48,0x00000006d0d00000)
 Metaspace       used 42403K, capacity 44088K, committed 44160K, reserved 1085440K
  class space    used 7499K, capacity 7737K, committed 7808K, reserved 1048576K
Event: 139.135 GC heap after
Heap after GC invocations=13 (full 2):
 PSYoungGen      total 508416K, used 7520K [0x000000076d200000, 0x000000079cc00000, 0x00000007c0000000)
  eden space 487424K, 0% used [0x000000076d200000,0x000000076d200000,0x000000078ae00000)
  from space 20992K, 35% used [0x000000078ae00000,0x000000078b558368,0x000000078c280000)
  to   space 20992K, 0% used [0x000000079b780000,0x000000079b780000,0x000000079cc00000)
 ParOldGen       total 154624K, used 46595K [0x00000006c7600000, 0x00000006d0d00000, 0x000000076d200000)
  object space 154624K, 30% used [0x00000006c7600000,0x00000006ca380d48,0x00000006d0d00000)
 Metaspace       used 42403K, capacity 44088K, committed 44160K, reserved 1085440K
  class space    used 7499K, capacity 7737K, committed 7808K, reserved 1048576K
}
Event: 139.343 GC heap before
{Heap before GC invocations=14 (full 2):
 PSYoungGen      total 508416K, used 494944K [0x000000076d200000, 0x000000079cc00000, 0x00000007c0000000)
  eden space 487424K, 100% used [0x000000076d200000,0x000000078ae00000,0x000000078ae00000)
  from space 20992K, 35% used [0x000000078ae00000,0x000000078b558368,0x000000078c280000)
  to   space 20992K, 0% used [0x000000079b780000,0x000000079b780000,0x000000079cc00000)
 ParOldGen       total 154624K, used 46595K [0x00000006c7600000, 0x00000006d0d00000, 0x000000076d200000)
  object space 154624K, 30% used [0x00000006c7600000,0x00000006ca380d48,0x00000006d0d00000)
 Metaspace       used 42403K, capacity 44088K, committed 44160K, reserved 1085440K
  class space    used 7499K, capacity 7737K, committed 7808K, reserved 1048576K
Event: 139.401 GC heap after
Heap after GC invocations=14 (full 2):
 PSYoungGen      total 759296K, used 7729K [0x000000076d200000, 0x000000079d380000, 0x00000007c0000000)
  eden space 738304K, 0% used [0x000000076d200000,0x000000076d200000,0x000000079a300000)
  from space 20992K, 36% used [0x000000079b780000,0x000000079bf0c518,0x000000079cc00000)
  to   space 20992K, 0% used [0x000000079a300000,0x000000079a300000,0x000000079b780000)
 ParOldGen       total 154624K, used 53651K [0x00000006c7600000, 0x00000006d0d00000, 0x000000076d200000)
  object space 154624K, 34% used [0x00000006c7600000,0x00000006caa64d48,0x00000006d0d00000)
 Metaspace       used 42403K, capacity 44088K, committed 44160K, reserved 1085440K
  class space    used 7499K, capacity 7737K, committed 7808K, reserved 1048576K
}
Event: 139.818 GC heap before
{Heap before GC invocations=15 (full 2):
 PSYoungGen      total 759296K, used 746033K [0x000000076d200000, 0x000000079d380000, 0x00000007c0000000)
  eden space 738304K, 100% used [0x000000076d200000,0x000000079a300000,0x000000079a300000)
  from space 20992K, 36% used [0x000000079b780000,0x000000079bf0c518,0x000000079cc00000)
  to   space 20992K, 0% used [0x000000079a300000,0x000000079a300000,0x000000079b780000)
 ParOldGen       total 154624K, used 53651K [0x00000006c7600000, 0x00000006d0d00000, 0x000000076d200000)
  object space 154624K, 34% used [0x00000006c7600000,0x00000006caa64d48,0x00000006d0d00000)
 Metaspace       used 42403K, capacity 44088K, committed 44160K, reserved 1085440K
  class space    used 7499K, capacity 7737K, committed 7808K, reserved 1048576K

