<?xml version="1.0" encoding="UTF-8"?>
<testsuite name="com.google.refine.test.org.deri.reconcile.factories.BigOwlImSparqlQueryFactoryTest" failures="0" tests="7" time="0.062" errors="0">
  <properties/>
  <testcase name="multiLabelsTest" time="0.015" classname="com.google.refine.test.org.deri.reconcile.factories.BigOwlImSparqlQueryFactoryTest"/>
  <testcase name="multiLabelsWithTypeTest" time="0.0" classname="com.google.refine.test.org.deri.reconcile.factories.BigOwlImSparqlQueryFactoryTest"/>
  <testcase name="oneLabelTest" time="0.016" classname="com.google.refine.test.org.deri.reconcile.factories.BigOwlImSparqlQueryFactoryTest"/>
  <testcase name="oneLabelWithTypeTest" time="0.0" classname="com.google.refine.test.org.deri.reconcile.factories.BigOwlImSparqlQueryFactoryTest"/>
  <testcase name="oneLabelWithTypeWithContextTest" time="0.0" classname="com.google.refine.test.org.deri.reconcile.factories.BigOwlImSparqlQueryFactoryTest"/>
  <testcase name="suggestPropertyTest" time="0.0" classname="com.google.refine.test.org.deri.reconcile.factories.BigOwlImSparqlQueryFactoryTest"/>
  <testcase name="suggestTypeTest" time="0.0" classname="com.google.refine.test.org.deri.reconcile.factories.BigOwlImSparqlQueryFactoryTest"/>
</testsuite>
