<?xml version="1.0" encoding="UTF-8"?>
<testsuite name="com.google.refine.tests.rdf.RdfSchemaTest" failures="0" tests="6" time="0.25" errors="0">
  <properties/>
  <testcase name="testEmailCell" time="0.0" classname="com.google.refine.tests.rdf.RdfSchemaTest"/>
  <testcase name="testInverseProperty" time="0.0" classname="com.google.refine.tests.rdf.RdfSchemaTest"/>
  <testcase name="testJobTitleLiteral" time="0.0" classname="com.google.refine.tests.rdf.RdfSchemaTest"/>
  <testcase name="testNameCell" time="0.0" classname="com.google.refine.tests.rdf.RdfSchemaTest"/>
  <testcase name="testRootNodes" time="0.0" classname="com.google.refine.tests.rdf.RdfSchemaTest"/>
  <testcase name="testRowNumberCell" time="0.0" classname="com.google.refine.tests.rdf.RdfSchemaTest"/>
</testsuite>
