<testng-results>
  <reporter-output>
  </reporter-output>
  <suite name="grefine-rdf-extension" duration-ms="62" started-at="2011-04-05T22:13:04Z" finished-at="2011-04-05T22:13:04Z">
    <groups>
    </groups>
    <test name="com.google.refine.test.org.deri.reconcile.factories.BigOwlImSparqlQueryFactoryTest" duration-ms="62" started-at="2011-04-05T22:13:04Z" finished-at="2011-04-05T22:13:04Z">
      <class name="com.google.refine.test.org.deri.reconcile.factories.BigOwlImSparqlQueryFactoryTest">
        <test-method status="PASS" signature="setUp()" name="setUp" is-config="true" duration-ms="16" started-at="2011-04-05T22:13:04Z" finished-at="2011-04-05T22:13:04Z">
        </test-method>
        <test-method status="PASS" signature="multiLabelsTest()" name="multiLabelsTest" duration-ms="15" started-at="2011-04-05T22:13:04Z" finished-at="2011-04-05T22:13:04Z">
        </test-method>
        <test-method status="PASS" signature="setUp()" name="setUp" is-config="true" duration-ms="0" started-at="2011-04-05T22:13:04Z" finished-at="2011-04-05T22:13:04Z">
        </test-method>
        <test-method status="PASS" signature="multiLabelsWithTypeTest()" name="multiLabelsWithTypeTest" duration-ms="0" started-at="2011-04-05T22:13:04Z" finished-at="2011-04-05T22:13:04Z">
        </test-method>
        <test-method status="PASS" signature="oneLabelTest()" name="oneLabelTest" duration-ms="16" started-at="2011-04-05T22:13:04Z" finished-at="2011-04-05T22:13:04Z">
        </test-method>
        <test-method status="PASS" signature="setUp()" name="setUp" is-config="true" duration-ms="0" started-at="2011-04-05T22:13:04Z" finished-at="2011-04-05T22:13:04Z">
        </test-method>
        <test-method status="PASS" signature="oneLabelWithTypeTest()" name="oneLabelWithTypeTest" duration-ms="0" started-at="2011-04-05T22:13:04Z" finished-at="2011-04-05T22:13:04Z">
        </test-method>
        <test-method status="PASS" signature="setUp()" name="setUp" is-config="true" duration-ms="0" started-at="2011-04-05T22:13:04Z" finished-at="2011-04-05T22:13:04Z">
        </test-method>
        <test-method status="PASS" signature="setUp()" name="setUp" is-config="true" duration-ms="0" started-at="2011-04-05T22:13:04Z" finished-at="2011-04-05T22:13:04Z">
        </test-method>
        <test-method status="PASS" signature="oneLabelWithTypeWithContextTest()" name="oneLabelWithTypeWithContextTest" duration-ms="0" started-at="2011-04-05T22:13:04Z" finished-at="2011-04-05T22:13:04Z">
        </test-method>
        <test-method status="PASS" signature="suggestPropertyTest()" name="suggestPropertyTest" duration-ms="0" started-at="2011-04-05T22:13:04Z" finished-at="2011-04-05T22:13:04Z">
        </test-method>
        <test-method status="PASS" signature="setUp()" name="setUp" is-config="true" duration-ms="0" started-at="2011-04-05T22:13:04Z" finished-at="2011-04-05T22:13:04Z">
        </test-method>
        <test-method status="PASS" signature="suggestTypeTest()" name="suggestTypeTest" duration-ms="0" started-at="2011-04-05T22:13:04Z" finished-at="2011-04-05T22:13:04Z">
        </test-method>
        <test-method status="PASS" signature="setUp()" name="setUp" is-config="true" duration-ms="0" started-at="2011-04-05T22:13:04Z" finished-at="2011-04-05T22:13:04Z">
        </test-method>
      </class>
    </test>
  </suite>
</testng-results>
