<?xml version="1.0" encoding="UTF-8"?>
<testsuite name="Regression1" failures="0" tests="72" time="17.078" errors="0">
  <properties/>
  <testcase name="saveRdfServiceTest" time="3.25" classname="com.google.refine.test.org.deri.reconcile.GRefineServiceManagerTest"/>
  <testcase name="saveServiceTest" time="0.031" classname="com.google.refine.test.org.deri.reconcile.GRefineServiceManagerTest"/>
  <testcase name="executeSimpleReconciliationQuery" time="1.297" classname="com.google.refine.test.org.deri.reconcile.endpoints.LarqSparqlEndpointTest"/>
  <testcase name="noMoreThanOneMatch" time="0.531" classname="com.google.refine.test.org.deri.reconcile.endpoints.LarqSparqlEndpointTest"/>
  <testcase name="sampleInstancesTest" time="0.016" classname="com.google.refine.test.org.deri.reconcile.endpoints.LarqSparqlEndpointTest"/>
  <testcase name="searchEntitiesTest" time="0.672" classname="com.google.refine.test.org.deri.reconcile.endpoints.LarqSparqlEndpointTest"/>
  <testcase name="sugestTypeTest" time="0.656" classname="com.google.refine.test.org.deri.reconcile.endpoints.LarqSparqlEndpointTest"/>
  <testcase name="suggestPropertyEmptyResultTest" time="0.0" classname="com.google.refine.test.org.deri.reconcile.endpoints.LarqSparqlEndpointTest"/>
  <testcase name="suggestPropertyTest" time="0.656" classname="com.google.refine.test.org.deri.reconcile.endpoints.LarqSparqlEndpointTest"/>
  <testcase name="executeExactMatchReconciliationQuery" time="0.016" classname="com.google.refine.test.org.deri.reconcile.endpoints.PlainSparqlEndpointTest"/>
  <testcase name="executeExactMatchReconciliationQueryWithType" time="0.016" classname="com.google.refine.test.org.deri.reconcile.endpoints.PlainSparqlEndpointTest"/>
  <testcase name="executeSimpleReconciliationQuery" time="0.094" classname="com.google.refine.test.org.deri.reconcile.endpoints.PlainSparqlEndpointTest"/>
  <testcase name="executeSimpleReconciliationQueryWithType" time="0.015" classname="com.google.refine.test.org.deri.reconcile.endpoints.PlainSparqlEndpointTest"/>
  <testcase name="noMoreThanOneMatch" time="0.015" classname="com.google.refine.test.org.deri.reconcile.endpoints.PlainSparqlEndpointTest"/>
  <testcase name="sugestTypeTest" time="0.125" classname="com.google.refine.test.org.deri.reconcile.endpoints.PlainSparqlEndpointTest"/>
  <testcase name="suggestPropertyEmptyResultTest" time="0.016" classname="com.google.refine.test.org.deri.reconcile.endpoints.PlainSparqlEndpointTest"/>
  <testcase name="suggestPropertyTest" time="0.062" classname="com.google.refine.test.org.deri.reconcile.endpoints.PlainSparqlEndpointTest"/>
  <testcase name="executeReconciliationQueryWithContext" time="0.812" classname="com.google.refine.test.org.deri.reconcile.executors.LarqSparqlQueryExecutorTest"/>
  <testcase name="executeReconciliationQueryWithType" time="0.703" classname="com.google.refine.test.org.deri.reconcile.executors.LarqSparqlQueryExecutorTest"/>
  <testcase name="executeSimpleReconciliationQuery" time="0.687" classname="com.google.refine.test.org.deri.reconcile.executors.LarqSparqlQueryExecutorTest"/>
  <testcase name="sampleInstancesTest" time="0.032" classname="com.google.refine.test.org.deri.reconcile.executors.LarqSparqlQueryExecutorTest"/>
  <testcase name="searchEntitiesTest" time="0.625" classname="com.google.refine.test.org.deri.reconcile.executors.LarqSparqlQueryExecutorTest"/>
  <testcase name="sugestPropertyTest" time="0.672" classname="com.google.refine.test.org.deri.reconcile.executors.LarqSparqlQueryExecutorTest"/>
  <testcase name="sugestTypeTest" time="0.547" classname="com.google.refine.test.org.deri.reconcile.executors.LarqSparqlQueryExecutorTest"/>
  <testcase name="executeExactMatchReconciliationQueryWithType" time="0.016" classname="com.google.refine.test.org.deri.reconcile.executors.PlainSparqlQueryExecutorTest"/>
  <testcase name="executeExactMatchWithContextReconciliationQueryWithType" time="0.015" classname="com.google.refine.test.org.deri.reconcile.executors.PlainSparqlQueryExecutorTest"/>
  <testcase name="executeOneLabelOneTypeExactMatchReconciliationQuery" time="0.016" classname="com.google.refine.test.org.deri.reconcile.executors.PlainSparqlQueryExecutorTest"/>
  <testcase name="executeOneLabelOneTypeReconciliationQuery" time="0.015" classname="com.google.refine.test.org.deri.reconcile.executors.PlainSparqlQueryExecutorTest"/>
  <testcase name="executeReconciliationQueryWithType" time="0.016" classname="com.google.refine.test.org.deri.reconcile.executors.PlainSparqlQueryExecutorTest"/>
  <testcase name="executeSimpleExactMatchReconciliationQuery" time="0.016" classname="com.google.refine.test.org.deri.reconcile.executors.PlainSparqlQueryExecutorTest"/>
  <testcase name="executeSimpleReconciliationQuery" time="0.015" classname="com.google.refine.test.org.deri.reconcile.executors.PlainSparqlQueryExecutorTest"/>
  <testcase name="searchEntityTest" time="0.016" classname="com.google.refine.test.org.deri.reconcile.executors.PlainSparqlQueryExecutorTest"/>
  <testcase name="sugestPropertyTest" time="0.062" classname="com.google.refine.test.org.deri.reconcile.executors.PlainSparqlQueryExecutorTest"/>
  <testcase name="sugestTypeTest" time="0.032" classname="com.google.refine.test.org.deri.reconcile.executors.PlainSparqlQueryExecutorTest"/>
  <testcase name="entitySearchTest" time="0.0" classname="com.google.refine.test.org.deri.reconcile.factories.LarqSparqlQueryFactoryTest"/>
  <testcase name="multiLabelsSimpleReconciliationTest" time="0.0" classname="com.google.refine.test.org.deri.reconcile.factories.LarqSparqlQueryFactoryTest"/>
  <testcase name="multiLabelsWithTypeSimpleReconciliationTest" time="0.0" classname="com.google.refine.test.org.deri.reconcile.factories.LarqSparqlQueryFactoryTest"/>
  <testcase name="multiLabelsWithTypeWithContextReconciliationTest" time="0.0" classname="com.google.refine.test.org.deri.reconcile.factories.LarqSparqlQueryFactoryTest"/>
  <testcase name="oneLabelsSimpleReconciliationTest" time="0.0" classname="com.google.refine.test.org.deri.reconcile.factories.LarqSparqlQueryFactoryTest"/>
  <testcase name="oneLabelsWithTypeSimpleReconciliationTest" time="0.0" classname="com.google.refine.test.org.deri.reconcile.factories.LarqSparqlQueryFactoryTest"/>
  <testcase name="sampleInstances" time="0.0" classname="com.google.refine.test.org.deri.reconcile.factories.LarqSparqlQueryFactoryTest"/>
  <testcase name="suggestPropertyTest" time="0.0" classname="com.google.refine.test.org.deri.reconcile.factories.LarqSparqlQueryFactoryTest"/>
  <testcase name="suggestPropertyWithSpecificSiubjectsTypeTest" time="0.0" classname="com.google.refine.test.org.deri.reconcile.factories.LarqSparqlQueryFactoryTest"/>
  <testcase name="suggestTypeTest" time="0.0" classname="com.google.refine.test.org.deri.reconcile.factories.LarqSparqlQueryFactoryTest"/>
  <testcase name="typesOfEntitiesTest" time="0.0" classname="com.google.refine.test.org.deri.reconcile.factories.LarqSparqlQueryFactoryTest"/>
  <testcase name="multiLabelsExactMatchReconcileTest" time="0.0" classname="com.google.refine.test.org.deri.reconcile.factories.PlainSparqlQueryFactoryTest"/>
  <testcase name="multiLabelsSimpleReconcileTest" time="0.0" classname="com.google.refine.test.org.deri.reconcile.factories.PlainSparqlQueryFactoryTest"/>
  <testcase name="multiLabelsWithTypeWithContextReconciliationTest" time="0.0" classname="com.google.refine.test.org.deri.reconcile.factories.PlainSparqlQueryFactoryTest"/>
  <testcase name="multiLabelsWithTypesExactMatchReconcileTest" time="0.0" classname="com.google.refine.test.org.deri.reconcile.factories.PlainSparqlQueryFactoryTest"/>
  <testcase name="multiLabelsWithTypesReconcileTest" time="0.0" classname="com.google.refine.test.org.deri.reconcile.factories.PlainSparqlQueryFactoryTest"/>
  <testcase name="oneLabelOneTypeExactMatchReconcileTest" time="0.0" classname="com.google.refine.test.org.deri.reconcile.factories.PlainSparqlQueryFactoryTest"/>
  <testcase name="oneLabelOneTypeReconcileTest" time="0.0" classname="com.google.refine.test.org.deri.reconcile.factories.PlainSparqlQueryFactoryTest"/>
  <testcase name="oneLabelOneTypeWithContextExactMatchReconcileTest" time="0.0" classname="com.google.refine.test.org.deri.reconcile.factories.PlainSparqlQueryFactoryTest"/>
  <testcase name="oneLabelSimpleReconcileTest" time="0.0" classname="com.google.refine.test.org.deri.reconcile.factories.PlainSparqlQueryFactoryTest"/>
  <testcase name="sampleInstancesQueryTest" time="0.016" classname="com.google.refine.test.org.deri.reconcile.factories.PlainSparqlQueryFactoryTest"/>
  <testcase name="searchEntityQueryTest" time="0.0" classname="com.google.refine.test.org.deri.reconcile.factories.PlainSparqlQueryFactoryTest"/>
  <testcase name="suggestPropertyTest" time="0.0" classname="com.google.refine.test.org.deri.reconcile.factories.PlainSparqlQueryFactoryTest"/>
  <testcase name="suggestPropertyWithSpecificSiubjectsTypeTest" time="0.0" classname="com.google.refine.test.org.deri.reconcile.factories.PlainSparqlQueryFactoryTest"/>
  <testcase name="suggestTypeTest" time="0.0" classname="com.google.refine.test.org.deri.reconcile.factories.PlainSparqlQueryFactoryTest"/>
  <testcase name="testSparqlQuery" time="0.062" classname="com.google.refine.test.org.deri.reconcile.factories.PreviewResourceCannedQueryTest"/>
  <testcase name="testWrapping" time="0.844" classname="com.google.refine.test.org.deri.reconcile.factories.PreviewResourceCannedQueryTest"/>
  <testcase name="entitySearchTest" time="0.0" classname="com.google.refine.test.org.deri.reconcile.factories.VirtuosoSparqlQueryFactoryTest"/>
  <testcase name="multiLabelsWithTypeWithContextReconciliationTest" time="0.0" classname="com.google.refine.test.org.deri.reconcile.factories.VirtuosoSparqlQueryFactoryTest"/>
  <testcase name="queryForReconcileTest" time="0.0" classname="com.google.refine.test.org.deri.reconcile.factories.VirtuosoSparqlQueryFactoryTest"/>
  <testcase name="queryWithTypeForReconcileTest" time="0.0" classname="com.google.refine.test.org.deri.reconcile.factories.VirtuosoSparqlQueryFactoryTest"/>
  <testcase name="suggestPropertyTest" time="0.0" classname="com.google.refine.test.org.deri.reconcile.factories.VirtuosoSparqlQueryFactoryTest"/>
  <testcase name="suggestPropertyWithSpecificSiubjectsTypeTest" time="0.0" classname="com.google.refine.test.org.deri.reconcile.factories.VirtuosoSparqlQueryFactoryTest"/>
  <testcase name="suggestTypeTest" time="0.0" classname="com.google.refine.test.org.deri.reconcile.factories.VirtuosoSparqlQueryFactoryTest"/>
  <testcase name="reconcileTest" time="0.016" classname="com.google.refine.test.org.deri.reconcile.sindice.SindiceServiceTest"/>
  <testcase name="reconcileTestWithDomain" time="0.0" classname="com.google.refine.test.org.deri.reconcile.sindice.SindiceServiceTest"/>
  <testcase name="reconcileTestWithEnoughResults" time="0.016" classname="com.google.refine.test.org.deri.reconcile.sindice.SindiceServiceTest"/>
  <testcase name="reconcileTestWithType" time="0.0" classname="com.google.refine.test.org.deri.reconcile.sindice.SindiceServiceTest"/>
</testsuite>
